----------------------------------------------- 2022-02-02 14:38:31:946.622
UDP message sent (721 bytes):

INVITE sip:reddy2@dnscrash.sbct4.com SIP/2.0
Via: SIP/2.0/UDP 10.133.39.159:5060;branch=z9hG4bK-7701-1-0
From: sip:reddy1@test2.com;tag=1
To: sip:reddy2@10.133.36.32:5060
Call-ID: 1-7701@10.133.39.159
CSeq: 1 INVITE
Supported: join, replaces, sdp-anat, timer
Contact: sip:reddy1@10.133.39.159:5060
Supported: replaces
Max-Forwards: 70
Subject: Performance Test
P-Asserted-Identity: <sip:+499511814633@bt.com>
Content-Type: application/sdp
Content-Length:   244

v=0
o=- 1509186683 1 IN IP4 10.133.39.159
s=-
c=IN IP4 10.133.39.159
b=TIAS:64000
t=0 0
a=avf:avc=n prio=n
a=csup:avf-v0
m=audio 41532 RTP/AVP 8 101
a=rtpmap:8 PCMA/8000
a=rtpmap:101 telephone-event/8000
a=fmtp:101 0-15
a=ptime:20

