----------------------------------------------- 2021-10-11 16:39:14:519.482
UDP message received [866] bytes :

INVITE sip:reddy2@madappa.com SIP/2.0
From: sip:reddy1@akash.com;tag=1
To: sip:reddy2@sanal.com
CSeq: 1 INVITE
Call-ID: d82e601e0559bd6567fa601e54685658
Contact: sip:reddy1@192.168.58.17:5060;transport=udp
Record-Route: <sip:192.168.58.17:5060;ipcs-line=116745;lr;transport=udp>
Allow: INVITE, ACK, OPTIONS, CANCEL, BYE, REFER
Supported: join, replaces, timer
Supported: replaces
Max-Forwards: 69
Via: SIP/2.0/UDP 192.168.58.17:5060;branch=z9hG4bK-s1632-000903471769-1--s1632-
Subject: Performance Test
P-Asserted-Identity: <sip:+499511814633@akash.com>
Content-Type: application/sdp
Content-Length: 244

v=0
o=- 1509186683 1 IN IP4 192.168.58.17
s=-
c=IN IP4 192.168.58.17
b=TIAS:64000
t=0 0
a=avf:avc=n prio=n
a=csup:avf-v0
m=audio 35022 RTP/AVP 8 101
a=rtpmap:8 PCMA/8000
a=rtpmap:101 telephone-event/8000
a=fmtp:101 0-15
a=ptime:20

----------------------------------------------- 2021-10-11 16:39:14:519.708
UDP message sent (291 bytes):

SIP/2.0 100 Trying
Via: SIP/2.0/UDP 192.168.58.17:5060;branch=z9hG4bK-s1632-000903471769-1--s1632-
From: sip:reddy1@akash.com;tag=1
To: sip:reddy2@sanal.com
Call-ID: d82e601e0559bd6567fa601e54685658
CSeq: 1 INVITE
Contact: <sip:192.168.56.202:5060;transport=UDP>
Content-Length: 0


----------------------------------------------- 2021-10-11 16:39:14:519.747
UDP message sent (298 bytes):

SIP/2.0 180 Ringing
Via: SIP/2.0/UDP 192.168.58.17:5060;branch=z9hG4bK-s1632-000903471769-1--s1632-
From: sip:reddy1@akash.com;tag=1
To: sip:reddy2@sanal.com;tag=1
Call-ID: d82e601e0559bd6567fa601e54685658
CSeq: 1 INVITE
Contact: <sip:192.168.56.202:5060;transport=UDP>
Content-Length: 0


----------------------------------------------- 2021-10-11 16:39:14:519.782
UDP message sent (847 bytes):

SIP/2.0 200 OK
Endpoint-View: <sip:69933@corp.pdo.om;gr=50ba05cbf94df38e2991be5be8d9237f>;local-tag=-3f35cca3609a447660fe49a0_T69933148.151.163.232;call-id=6aec18d4b23541ebb6fe0c291ec95;remote-tag=6aec18b6b23541ebb6fd0c291ec95
Via: SIP/2.0/UDP 192.168.58.17:5060;branch=z9hG4bK-s1632-000903471769-1--s1632-
From: sip:reddy1@akash.com;tag=1
To: sip:reddy2@sanal.com;tag=1
Call-ID: d82e601e0559bd6567fa601e54685658
CSeq: 1 INVITE
Contact: <sip:192.168.56.202:5060;transport=UDP>
Av-Global-Session-ID: 00fe2c47-42d9-4801-9379-5b83ad7d0000
Content-Type: application/sdp
Content-Length:   246

v=0
o=- 1509186683 1 IN IP4 192.168.56.202
s=-
c=IN IP4 192.168.56.202
b=TIAS:64000
t=0 0
a=avf:avc=n prio=n
a=csup:avf-v0
m=audio 41532 RTP/AVP 8 101
a=rtpmap:8 PCMA/8000
a=rtpmap:101 telephone-event/8000
a=fmtp:101 0-15
a=ptime:20

----------------------------------------------- 2021-10-11 16:39:14:526.072
UDP message received [455] bytes :

ACK sip:reddy2@192.168.56.202:5060 SIP/2.0
From: sip:reddy1@akash.com;tag=1
To: sip:reddy2@sanal.com;tag=1
CSeq: 1 ACK
Call-ID: d82e601e0559bd6567fa601e54685658
Contact: sip:reddy1@192.168.58.17:5060;transport=udp;transport=UDP
Record-Route: <sip:192.168.58.17:5060;ipcs-line=116745;lr;transport=udp>
Max-Forwards: 69
Via: SIP/2.0/UDP 192.168.58.17:5060;branch=z9hG4bK-s1632-001309625348-1--s1632-
Subject: Performance Test
Content-Length: 0


----------------------------------------------- 2021-10-11 16:39:15:28.979
UDP message received [450] bytes :

BYE sip:192.168.56.202:5060;transport=udp SIP/2.0
From: sip:reddy1@akash.com;tag=1
To: sip:reddy2@sanal.com;tag=1
CSeq: 2 BYE
Call-ID: d82e601e0559bd6567fa601e54685658
Contact: <sip:reddy1@192.168.58.17:5060;transport=udp>
Record-Route: <sip:192.168.58.17:5060;ipcs-line=116745;lr;transport=udp>
Max-Forwards: 69
Via: SIP/2.0/UDP 192.168.58.17:5060;branch=z9hG4bK-s1632-001403273222-1--s1632-
Subject: Performance Test
Content-Length: 0


----------------------------------------------- 2021-10-11 16:39:15:29.068
UDP message sent (290 bytes):

SIP/2.0 200 OK
Via: SIP/2.0/UDP 192.168.58.17:5060;branch=z9hG4bK-s1632-001403273222-1--s1632-
From: sip:reddy1@akash.com;tag=1
To: sip:reddy2@sanal.com;tag=1
Call-ID: d82e601e0559bd6567fa601e54685658
CSeq: 2 BYE
Contact: <sip:192.168.56.202:5060;transport=UDP>
Content-Length: 0


