WARNING:root:tcp handshake should start here
WARNING:root:tcp handshake should start here
WARNING:root:tcp handshake should start here
WARNING:root:****** Total call count 93
WARNING:root:------ Total Successful Calls: 93
WARNING:root:++++++ Total Failed Calls: 0
WARNING:root:+++++ Total Cleared Count 93
WARNING:root:tcp handshake should start here
WARNING:root:****** Total call count 92
WARNING:root:------ Total Successful Calls: 92
WARNING:root:++++++ Total Failed Calls: 0
WARNING:root:+++++ Total Cleared Count 92
WARNING:root:tcp handshake should start here
WARNING:root:****** Total call count 531
WARNING:root:------ Total Successful Calls: 531
WARNING:root:++++++ Total Failed Calls: 0
WARNING:root:+++++ Total Cleared Count 0
WARNING:root:tcp handshake should start here
WARNING:root:****** Total call count 4795
WARNING:root:------ Total Successful Calls: 4684
WARNING:root:++++++ Total Failed Calls: 0
WARNING:root:+++++ Total Cleared Count 4418
WARNING:root:****** Total call count 0
WARNING:root:------ Total Successful Calls: 0
WARNING:root:++++++ Total Failed Calls: 0
WARNING:root:+++Total cleared calls 0
WARNING:root:****** Total call count 0
WARNING:root:------ Total Successful Calls: 0
WARNING:root:++++++ Total Failed Calls: 0
WARNING:root:+++Total cleared calls 0
WARNING:root:****** Total call count 530
WARNING:root:------ Total Successful Calls: 530
WARNING:root:++++++ Total Failed Calls: 0
WARNING:root:+++Total cleared calls 530
WARNING:root:****** Total call count 1503
WARNING:root:------ Total Successful Calls: 1502
WARNING:root:++++++ Total Failed Calls: 0
WARNING:root:+++Total cleared calls 0
WARNING:root:****** Total call count 535
WARNING:root:------ Total Successful Calls: 535
WARNING:root:++++++ Total Failed Calls: 0
WARNING:root:+++Total cleared calls 535
WARNING:root:****** Total call count 0
WARNING:root:------ Total Successful Calls: 0
WARNING:root:++++++ Total Failed Calls: 0
WARNING:root:+++Total cleared calls 0
WARNING:root:****** Total call count 531
WARNING:root:------ Total Successful Calls: 531
WARNING:root:++++++ Total Failed Calls: 0
WARNING:root:+++Total cleared calls 531
WARNING:root:****** Total call count 531
WARNING:root:------ Total Successful Calls: 531
WARNING:root:++++++ Total Failed Calls: 0
WARNING:root:+++Total cleared calls 531
WARNING:root:****** Total call count 78
WARNING:root:------ Total Successful Calls: 77
WARNING:root:++++++ Total Failed Calls: 0
WARNING:root:+++Total cleared calls 0
WARNING:root:****** Total call count 0
WARNING:root:------ Total Successful Calls: 0
WARNING:root:++++++ Total Failed Calls: 0
WARNING:root:+++Total cleared calls 0
WARNING:root:****** Total call count 537
WARNING:root:------ Total Successful Calls: 537
WARNING:root:++++++ Total Failed Calls: 0
WARNING:root:+++Total cleared calls 537
WARNING:root:****** Total call count 183
WARNING:root:------ Total Successful Calls: 183
WARNING:root:++++++ Total Failed Calls: 0
WARNING:root:+++Total cleared calls 183
WARNING:root:****** Total call count 357
WARNING:root:------ Total Successful Calls: 357
WARNING:root:++++++ Total Failed Calls: 0
WARNING:root:+++Total cleared calls 357
WARNING:root:****** Total call count 26420
WARNING:root:------ Total Successful Calls: 26420
WARNING:root:++++++ Total Failed Calls: 0
WARNING:root:+++Total cleared calls 26420
